<?xml version="1.0" encoding="UTF-8"?>
<testsuite name="step2.blackjack.BlackjackTest" tests="13" skipped="0" failures="0" errors="0" timestamp="2023-11-14T10:33:43" hostname="Sikui-MacBookPro.local" time="0.063">
  <properties/>
  <testcase name="참가자 이름에 빈 문자열이 들어올 경우 예외를 던진다." classname="step2.blackjack.BlackjackTest" time="0.019"/>
  <testcase name="참가자 이름에 공백, 개행, 탭이동 문자만 들어올 경우 예외를 던진다." classname="step2.blackjack.BlackjackTest" time="0.001"/>
  <testcase name="참가자 이름 리스트에 문자열 &quot;pobi,,jain&quot;이 들어올 경우 예외를 던진다." classname="step2.blackjack.BlackjackTest" time="0.002"/>
  <testcase name="참가자 이름 리스트에 문자열 &quot;pobi,jason,jain&quot;이 들어올 경우 참가자 [pobi, jason, jain]가 등록되어야 한다." classname="step2.blackjack.BlackjackTest" time="0.009"/>
  <testcase name="참가자 [pobi]가 동일한 카드인 [2하트, 2하트]를 가지고 있으면 예외를 던진다." classname="step2.blackjack.BlackjackTest" time="0.003"/>
  <testcase name="참가자 [pobi, jason]에게 각각 [2하트, 8스페이드]와 [7클로버, K스페이드]를 나누어 줄 경우 pobi = [2하트, 8스페이드], jason = [7클로버, K스페이드]를 가지고 있어야 한다." classname="step2.blackjack.BlackjackTest" time="0.003"/>
  <testcase name="참가자 [pobi]가 [K하트, 4스페이드] 가지고 있는 상태에서 [5스페이드] 한장 더 받을 경우 카드가 한장 더 늘어나야 한다." classname="step2.blackjack.BlackjackTest" time="0.001"/>
  <testcase name="참가자 [pobi]가 [K하트, 4스페이드]를 가지고 있을 경우 카드를 더 받을 수 있다." classname="step2.blackjack.BlackjackTest" time="0.001"/>
  <testcase name="참가자 [pobi]가 [K하트, 4스페이드, 6클로버]를 가지고 있을 경우 카드를 더 받을 수 있다." classname="step2.blackjack.BlackjackTest" time="0.001"/>
  <testcase name="참가자 [pobi]가 [K하트, A스페이드, 6클로버]를 가지고 있을 경우 카드를 더 받을 수 있다." classname="step2.blackjack.BlackjackTest" time="0.001"/>
  <testcase name="참가자 [pobi]가 [K하트, A스페이드, 6클로버, A하트]를 가지고 있을 경우 카드를 더 받을 수 있다." classname="step2.blackjack.BlackjackTest" time="0.0"/>
  <testcase name="참가자 [pobi]가 [K하트, 4스페이드, 7클로버]를 가지고 있을 경우 카드를 더 받을 수 없다." classname="step2.blackjack.BlackjackTest" time="0.0"/>
  <testcase name="참가자 [pobi]가 [K하트, 4스페이드, 8클로버]를 가지고 있을 경우 카드를 더 받을 수 없다." classname="step2.blackjack.BlackjackTest" time="0.001"/>
  <system-out><![CDATA[]]></system-out>
  <system-err><![CDATA[]]></system-err>
</testsuite>
